

Started GET "/" for 127.0.0.1 at 2017-07-05 10:25:20 -0700

PG::ConnectionBad - fe_sendauth: no password supplied
:
  activerecord (4.1.4) lib/active_record/connection_adapters/postgresql_adapter.rb:888:in `connect'
  activerecord (4.1.4) lib/active_record/connection_adapters/postgresql_adapter.rb:568:in `initialize'
  activerecord (4.1.4) lib/active_record/connection_adapters/postgresql_adapter.rb:41:in `postgresql_connection'
  activerecord (4.1.4) lib/active_record/connection_adapters/abstract/connection_pool.rb:435:in `new_connection'
  activerecord (4.1.4) lib/active_record/connection_adapters/abstract/connection_pool.rb:445:in `checkout_new_connection'
  activerecord (4.1.4) lib/active_record/connection_adapters/abstract/connection_pool.rb:416:in `acquire_connection'
  activerecord (4.1.4) lib/active_record/connection_adapters/abstract/connection_pool.rb:351:in `block in checkout'
  /usr/lib/ruby/2.3.0/monitor.rb:214:in `mon_synchronize'
  activerecord (4.1.4) lib/active_record/connection_adapters/abstract/connection_pool.rb:350:in `checkout'
  activerecord (4.1.4) lib/active_record/connection_adapters/abstract/connection_pool.rb:265:in `block in connection'
  /usr/lib/ruby/2.3.0/monitor.rb:214:in `mon_synchronize'
  activerecord (4.1.4) lib/active_record/connection_adapters/abstract/connection_pool.rb:264:in `connection'
  activerecord (4.1.4) lib/active_record/connection_adapters/abstract/connection_pool.rb:541:in `retrieve_connection'
  activerecord (4.1.4) lib/active_record/connection_handling.rb:113:in `retrieve_connection'
  activerecord (4.1.4) lib/active_record/connection_handling.rb:87:in `connection'
  activerecord (4.1.4) lib/active_record/migration.rb:388:in `check_pending!'
  activerecord (4.1.4) lib/active_record/migration.rb:377:in `call'
  actionpack (4.1.4) lib/action_dispatch/middleware/callbacks.rb:29:in `block in call'
  activesupport (4.1.4) lib/active_support/callbacks.rb:82:in `run_callbacks'
  actionpack (4.1.4) lib/action_dispatch/middleware/callbacks.rb:27:in `call'
  actionpack (4.1.4) lib/action_dispatch/middleware/reloader.rb:73:in `call'
  actionpack (4.1.4) lib/action_dispatch/middleware/remote_ip.rb:76:in `call'
  better_errors (2.1.1) lib/better_errors/middleware.rb:84:in `protected_app_call'
  better_errors (2.1.1) lib/better_errors/middleware.rb:79:in `better_errors_call'
  better_errors (2.1.1) lib/better_errors/middleware.rb:57:in `call'
  actionpack (4.1.4) lib/action_dispatch/middleware/debug_exceptions.rb:17:in `call'
  actionpack (4.1.4) lib/action_dispatch/middleware/show_exceptions.rb:30:in `call'
  railties (4.1.4) lib/rails/rack/logger.rb:38:in `call_app'
  railties (4.1.4) lib/rails/rack/logger.rb:20:in `block in call'
  activesupport (4.1.4) lib/active_support/tagged_logging.rb:68:in `block in tagged'
  activesupport (4.1.4) lib/active_support/tagged_logging.rb:26:in `tagged'
  activesupport (4.1.4) lib/active_support/tagged_logging.rb:68:in `tagged'
  railties (4.1.4) lib/rails/rack/logger.rb:20:in `call'
  actionpack (4.1.4) lib/action_dispatch/middleware/request_id.rb:21:in `call'
  rack (1.5.5) lib/rack/methodoverride.rb:21:in `call'
  rack (1.5.5) lib/rack/runtime.rb:17:in `call'
  activesupport (4.1.4) lib/active_support/cache/strategy/local_cache_middleware.rb:26:in `call'
  rack (1.5.5) lib/rack/lock.rb:17:in `call'
  actionpack (4.1.4) lib/action_dispatch/middleware/static.rb:64:in `call'
  rack (1.5.5) lib/rack/sendfile.rb:112:in `call'
  railties (4.1.4) lib/rails/engine.rb:514:in `call'
  railties (4.1.4) lib/rails/application.rb:144:in `call'
  rack (1.5.5) lib/rack/lock.rb:17:in `call'
  rack (1.5.5) lib/rack/content_length.rb:14:in `call'
  rack (1.5.5) lib/rack/handler/webrick.rb:60:in `service'
  /usr/lib/ruby/2.3.0/webrick/httpserver.rb:140:in `service'
  /usr/lib/ruby/2.3.0/webrick/httpserver.rb:96:in `run'
  /usr/lib/ruby/2.3.0/webrick/server.rb:296:in `block in start_thread'



Started POST "/__better_errors/091f62b399feb79c/variables" for 127.0.0.1 at 2017-07-05 10:25:21 -0700


Started POST "/__better_errors/091f62b399feb79c/eval" for 127.0.0.1 at 2017-07-05 10:47:49 -0700


Started POST "/__better_errors/091f62b399feb79c/eval" for 127.0.0.1 at 2017-07-05 10:47:53 -0700


Started GET "/" for 127.0.0.1 at 2017-07-05 10:53:54 -0700

PG::ConnectionBad - fe_sendauth: no password supplied
:
  activerecord (4.1.4) lib/active_record/connection_adapters/postgresql_adapter.rb:888:in `connect'
  activerecord (4.1.4) lib/active_record/connection_adapters/postgresql_adapter.rb:568:in `initialize'
  activerecord (4.1.4) lib/active_record/connection_adapters/postgresql_adapter.rb:41:in `postgresql_connection'
  activerecord (4.1.4) lib/active_record/connection_adapters/abstract/connection_pool.rb:435:in `new_connection'
  activerecord (4.1.4) lib/active_record/connection_adapters/abstract/connection_pool.rb:445:in `checkout_new_connection'
  activerecord (4.1.4) lib/active_record/connection_adapters/abstract/connection_pool.rb:416:in `acquire_connection'
  activerecord (4.1.4) lib/active_record/connection_adapters/abstract/connection_pool.rb:351:in `block in checkout'
  /usr/lib/ruby/2.3.0/monitor.rb:214:in `mon_synchronize'
  activerecord (4.1.4) lib/active_record/connection_adapters/abstract/connection_pool.rb:350:in `checkout'
  activerecord (4.1.4) lib/active_record/connection_adapters/abstract/connection_pool.rb:265:in `block in connection'
  /usr/lib/ruby/2.3.0/monitor.rb:214:in `mon_synchronize'
  activerecord (4.1.4) lib/active_record/connection_adapters/abstract/connection_pool.rb:264:in `connection'
  activerecord (4.1.4) lib/active_record/connection_adapters/abstract/connection_pool.rb:541:in `retrieve_connection'
  activerecord (4.1.4) lib/active_record/connection_handling.rb:113:in `retrieve_connection'
  activerecord (4.1.4) lib/active_record/connection_handling.rb:87:in `connection'
  activerecord (4.1.4) lib/active_record/migration.rb:388:in `check_pending!'
  activerecord (4.1.4) lib/active_record/migration.rb:377:in `call'
  actionpack (4.1.4) lib/action_dispatch/middleware/callbacks.rb:29:in `block in call'
  activesupport (4.1.4) lib/active_support/callbacks.rb:82:in `run_callbacks'
  actionpack (4.1.4) lib/action_dispatch/middleware/callbacks.rb:27:in `call'
  actionpack (4.1.4) lib/action_dispatch/middleware/reloader.rb:73:in `call'
  actionpack (4.1.4) lib/action_dispatch/middleware/remote_ip.rb:76:in `call'
  better_errors (2.1.1) lib/better_errors/middleware.rb:84:in `protected_app_call'
  better_errors (2.1.1) lib/better_errors/middleware.rb:79:in `better_errors_call'
  better_errors (2.1.1) lib/better_errors/middleware.rb:57:in `call'
  actionpack (4.1.4) lib/action_dispatch/middleware/debug_exceptions.rb:17:in `call'
  actionpack (4.1.4) lib/action_dispatch/middleware/show_exceptions.rb:30:in `call'
  railties (4.1.4) lib/rails/rack/logger.rb:38:in `call_app'
  railties (4.1.4) lib/rails/rack/logger.rb:20:in `block in call'
  activesupport (4.1.4) lib/active_support/tagged_logging.rb:68:in `block in tagged'
  activesupport (4.1.4) lib/active_support/tagged_logging.rb:26:in `tagged'
  activesupport (4.1.4) lib/active_support/tagged_logging.rb:68:in `tagged'
  railties (4.1.4) lib/rails/rack/logger.rb:20:in `call'
  actionpack (4.1.4) lib/action_dispatch/middleware/request_id.rb:21:in `call'
  rack (1.5.5) lib/rack/methodoverride.rb:21:in `call'
  rack (1.5.5) lib/rack/runtime.rb:17:in `call'
  activesupport (4.1.4) lib/active_support/cache/strategy/local_cache_middleware.rb:26:in `call'
  rack (1.5.5) lib/rack/lock.rb:17:in `call'
  actionpack (4.1.4) lib/action_dispatch/middleware/static.rb:64:in `call'
  rack (1.5.5) lib/rack/sendfile.rb:112:in `call'
  railties (4.1.4) lib/rails/engine.rb:514:in `call'
  railties (4.1.4) lib/rails/application.rb:144:in `call'
  rack (1.5.5) lib/rack/lock.rb:17:in `call'
  rack (1.5.5) lib/rack/content_length.rb:14:in `call'
  rack (1.5.5) lib/rack/handler/webrick.rb:60:in `service'
  /usr/lib/ruby/2.3.0/webrick/httpserver.rb:140:in `service'
  /usr/lib/ruby/2.3.0/webrick/httpserver.rb:96:in `run'
  /usr/lib/ruby/2.3.0/webrick/server.rb:296:in `block in start_thread'



Started POST "/__better_errors/340aa7b2135eca0c/variables" for 127.0.0.1 at 2017-07-05 10:53:55 -0700


Started GET "/" for 127.0.0.1 at 2017-07-05 10:55:16 -0700

PG::ConnectionBad - fe_sendauth: no password supplied
:
  activerecord (4.1.4) lib/active_record/connection_adapters/postgresql_adapter.rb:888:in `connect'
  activerecord (4.1.4) lib/active_record/connection_adapters/postgresql_adapter.rb:568:in `initialize'
  activerecord (4.1.4) lib/active_record/connection_adapters/postgresql_adapter.rb:41:in `postgresql_connection'
  activerecord (4.1.4) lib/active_record/connection_adapters/abstract/connection_pool.rb:435:in `new_connection'
  activerecord (4.1.4) lib/active_record/connection_adapters/abstract/connection_pool.rb:445:in `checkout_new_connection'
  activerecord (4.1.4) lib/active_record/connection_adapters/abstract/connection_pool.rb:416:in `acquire_connection'
  activerecord (4.1.4) lib/active_record/connection_adapters/abstract/connection_pool.rb:351:in `block in checkout'
  /usr/lib/ruby/2.3.0/monitor.rb:214:in `mon_synchronize'
  activerecord (4.1.4) lib/active_record/connection_adapters/abstract/connection_pool.rb:350:in `checkout'
  activerecord (4.1.4) lib/active_record/connection_adapters/abstract/connection_pool.rb:265:in `block in connection'
  /usr/lib/ruby/2.3.0/monitor.rb:214:in `mon_synchronize'
  activerecord (4.1.4) lib/active_record/connection_adapters/abstract/connection_pool.rb:264:in `connection'
  activerecord (4.1.4) lib/active_record/connection_adapters/abstract/connection_pool.rb:541:in `retrieve_connection'
  activerecord (4.1.4) lib/active_record/connection_handling.rb:113:in `retrieve_connection'
  activerecord (4.1.4) lib/active_record/connection_handling.rb:87:in `connection'
  activerecord (4.1.4) lib/active_record/migration.rb:388:in `check_pending!'
  activerecord (4.1.4) lib/active_record/migration.rb:377:in `call'
  actionpack (4.1.4) lib/action_dispatch/middleware/callbacks.rb:29:in `block in call'
  activesupport (4.1.4) lib/active_support/callbacks.rb:82:in `run_callbacks'
  actionpack (4.1.4) lib/action_dispatch/middleware/callbacks.rb:27:in `call'
  actionpack (4.1.4) lib/action_dispatch/middleware/reloader.rb:73:in `call'
  actionpack (4.1.4) lib/action_dispatch/middleware/remote_ip.rb:76:in `call'
  better_errors (2.1.1) lib/better_errors/middleware.rb:84:in `protected_app_call'
  better_errors (2.1.1) lib/better_errors/middleware.rb:79:in `better_errors_call'
  better_errors (2.1.1) lib/better_errors/middleware.rb:57:in `call'
  actionpack (4.1.4) lib/action_dispatch/middleware/debug_exceptions.rb:17:in `call'
  actionpack (4.1.4) lib/action_dispatch/middleware/show_exceptions.rb:30:in `call'
  railties (4.1.4) lib/rails/rack/logger.rb:38:in `call_app'
  railties (4.1.4) lib/rails/rack/logger.rb:20:in `block in call'
  activesupport (4.1.4) lib/active_support/tagged_logging.rb:68:in `block in tagged'
  activesupport (4.1.4) lib/active_support/tagged_logging.rb:26:in `tagged'
  activesupport (4.1.4) lib/active_support/tagged_logging.rb:68:in `tagged'
  railties (4.1.4) lib/rails/rack/logger.rb:20:in `call'
  actionpack (4.1.4) lib/action_dispatch/middleware/request_id.rb:21:in `call'
  rack (1.5.5) lib/rack/methodoverride.rb:21:in `call'
  rack (1.5.5) lib/rack/runtime.rb:17:in `call'
  activesupport (4.1.4) lib/active_support/cache/strategy/local_cache_middleware.rb:26:in `call'
  rack (1.5.5) lib/rack/lock.rb:17:in `call'
  actionpack (4.1.4) lib/action_dispatch/middleware/static.rb:64:in `call'
  rack (1.5.5) lib/rack/sendfile.rb:112:in `call'
  railties (4.1.4) lib/rails/engine.rb:514:in `call'
  railties (4.1.4) lib/rails/application.rb:144:in `call'
  rack (1.5.5) lib/rack/lock.rb:17:in `call'
  rack (1.5.5) lib/rack/content_length.rb:14:in `call'
  rack (1.5.5) lib/rack/handler/webrick.rb:60:in `service'
  /usr/lib/ruby/2.3.0/webrick/httpserver.rb:140:in `service'
  /usr/lib/ruby/2.3.0/webrick/httpserver.rb:96:in `run'
  /usr/lib/ruby/2.3.0/webrick/server.rb:296:in `block in start_thread'



Started POST "/__better_errors/f56fa1997a00f5a0/variables" for 127.0.0.1 at 2017-07-05 10:55:17 -0700


Started GET "/" for 127.0.0.1 at 2017-07-05 10:55:20 -0700

PG::ConnectionBad - fe_sendauth: no password supplied
:
  activerecord (4.1.4) lib/active_record/connection_adapters/postgresql_adapter.rb:888:in `connect'
  activerecord (4.1.4) lib/active_record/connection_adapters/postgresql_adapter.rb:568:in `initialize'
  activerecord (4.1.4) lib/active_record/connection_adapters/postgresql_adapter.rb:41:in `postgresql_connection'
  activerecord (4.1.4) lib/active_record/connection_adapters/abstract/connection_pool.rb:435:in `new_connection'
  activerecord (4.1.4) lib/active_record/connection_adapters/abstract/connection_pool.rb:445:in `checkout_new_connection'
  activerecord (4.1.4) lib/active_record/connection_adapters/abstract/connection_pool.rb:416:in `acquire_connection'
  activerecord (4.1.4) lib/active_record/connection_adapters/abstract/connection_pool.rb:351:in `block in checkout'
  /usr/lib/ruby/2.3.0/monitor.rb:214:in `mon_synchronize'
  activerecord (4.1.4) lib/active_record/connection_adapters/abstract/connection_pool.rb:350:in `checkout'
  activerecord (4.1.4) lib/active_record/connection_adapters/abstract/connection_pool.rb:265:in `block in connection'
  /usr/lib/ruby/2.3.0/monitor.rb:214:in `mon_synchronize'
  activerecord (4.1.4) lib/active_record/connection_adapters/abstract/connection_pool.rb:264:in `connection'
  activerecord (4.1.4) lib/active_record/connection_adapters/abstract/connection_pool.rb:541:in `retrieve_connection'
  activerecord (4.1.4) lib/active_record/connection_handling.rb:113:in `retrieve_connection'
  activerecord (4.1.4) lib/active_record/connection_handling.rb:87:in `connection'
  activerecord (4.1.4) lib/active_record/migration.rb:388:in `check_pending!'
  activerecord (4.1.4) lib/active_record/migration.rb:377:in `call'
  actionpack (4.1.4) lib/action_dispatch/middleware/callbacks.rb:29:in `block in call'
  activesupport (4.1.4) lib/active_support/callbacks.rb:82:in `run_callbacks'
  actionpack (4.1.4) lib/action_dispatch/middleware/callbacks.rb:27:in `call'
  actionpack (4.1.4) lib/action_dispatch/middleware/reloader.rb:73:in `call'
  actionpack (4.1.4) lib/action_dispatch/middleware/remote_ip.rb:76:in `call'
  better_errors (2.1.1) lib/better_errors/middleware.rb:84:in `protected_app_call'
  better_errors (2.1.1) lib/better_errors/middleware.rb:79:in `better_errors_call'
  better_errors (2.1.1) lib/better_errors/middleware.rb:57:in `call'
  actionpack (4.1.4) lib/action_dispatch/middleware/debug_exceptions.rb:17:in `call'
  actionpack (4.1.4) lib/action_dispatch/middleware/show_exceptions.rb:30:in `call'
  railties (4.1.4) lib/rails/rack/logger.rb:38:in `call_app'
  railties (4.1.4) lib/rails/rack/logger.rb:20:in `block in call'
  activesupport (4.1.4) lib/active_support/tagged_logging.rb:68:in `block in tagged'
  activesupport (4.1.4) lib/active_support/tagged_logging.rb:26:in `tagged'
  activesupport (4.1.4) lib/active_support/tagged_logging.rb:68:in `tagged'
  railties (4.1.4) lib/rails/rack/logger.rb:20:in `call'
  actionpack (4.1.4) lib/action_dispatch/middleware/request_id.rb:21:in `call'
  rack (1.5.5) lib/rack/methodoverride.rb:21:in `call'
  rack (1.5.5) lib/rack/runtime.rb:17:in `call'
  activesupport (4.1.4) lib/active_support/cache/strategy/local_cache_middleware.rb:26:in `call'
  rack (1.5.5) lib/rack/lock.rb:17:in `call'
  actionpack (4.1.4) lib/action_dispatch/middleware/static.rb:64:in `call'
  rack (1.5.5) lib/rack/sendfile.rb:112:in `call'
  railties (4.1.4) lib/rails/engine.rb:514:in `call'
  railties (4.1.4) lib/rails/application.rb:144:in `call'
  rack (1.5.5) lib/rack/lock.rb:17:in `call'
  rack (1.5.5) lib/rack/content_length.rb:14:in `call'
  rack (1.5.5) lib/rack/handler/webrick.rb:60:in `service'
  /usr/lib/ruby/2.3.0/webrick/httpserver.rb:140:in `service'
  /usr/lib/ruby/2.3.0/webrick/httpserver.rb:96:in `run'
  /usr/lib/ruby/2.3.0/webrick/server.rb:296:in `block in start_thread'



Started POST "/__better_errors/050367fd2d00071d/variables" for 127.0.0.1 at 2017-07-05 10:55:20 -0700


Started GET "/" for 127.0.0.1 at 2017-07-05 10:55:30 -0700

ActiveRecord::NoDatabaseError - FATAL:  database "ajax_twitter_dev" does not exist
Run `$ bin/rake db:create db:migrate` to create your database:
  activerecord (4.1.4) lib/active_record/connection_adapters/postgresql_adapter.rb:898:in `rescue in connect'
  activerecord (4.1.4) lib/active_record/connection_adapters/postgresql_adapter.rb:888:in `connect'
  activerecord (4.1.4) lib/active_record/connection_adapters/postgresql_adapter.rb:568:in `initialize'
  activerecord (4.1.4) lib/active_record/connection_adapters/postgresql_adapter.rb:41:in `postgresql_connection'
  activerecord (4.1.4) lib/active_record/connection_adapters/abstract/connection_pool.rb:435:in `new_connection'
  activerecord (4.1.4) lib/active_record/connection_adapters/abstract/connection_pool.rb:445:in `checkout_new_connection'
  activerecord (4.1.4) lib/active_record/connection_adapters/abstract/connection_pool.rb:416:in `acquire_connection'
  activerecord (4.1.4) lib/active_record/connection_adapters/abstract/connection_pool.rb:351:in `block in checkout'
  /usr/lib/ruby/2.3.0/monitor.rb:214:in `mon_synchronize'
  activerecord (4.1.4) lib/active_record/connection_adapters/abstract/connection_pool.rb:350:in `checkout'
  activerecord (4.1.4) lib/active_record/connection_adapters/abstract/connection_pool.rb:265:in `block in connection'
  /usr/lib/ruby/2.3.0/monitor.rb:214:in `mon_synchronize'
  activerecord (4.1.4) lib/active_record/connection_adapters/abstract/connection_pool.rb:264:in `connection'
  activerecord (4.1.4) lib/active_record/connection_adapters/abstract/connection_pool.rb:541:in `retrieve_connection'
  activerecord (4.1.4) lib/active_record/connection_handling.rb:113:in `retrieve_connection'
  activerecord (4.1.4) lib/active_record/connection_handling.rb:87:in `connection'
  activerecord (4.1.4) lib/active_record/migration.rb:388:in `check_pending!'
  activerecord (4.1.4) lib/active_record/migration.rb:377:in `call'
  actionpack (4.1.4) lib/action_dispatch/middleware/callbacks.rb:29:in `block in call'
  activesupport (4.1.4) lib/active_support/callbacks.rb:82:in `run_callbacks'
  actionpack (4.1.4) lib/action_dispatch/middleware/callbacks.rb:27:in `call'
  actionpack (4.1.4) lib/action_dispatch/middleware/reloader.rb:73:in `call'
  actionpack (4.1.4) lib/action_dispatch/middleware/remote_ip.rb:76:in `call'
  better_errors (2.1.1) lib/better_errors/middleware.rb:84:in `protected_app_call'
  better_errors (2.1.1) lib/better_errors/middleware.rb:79:in `better_errors_call'
  better_errors (2.1.1) lib/better_errors/middleware.rb:57:in `call'
  actionpack (4.1.4) lib/action_dispatch/middleware/debug_exceptions.rb:17:in `call'
  actionpack (4.1.4) lib/action_dispatch/middleware/show_exceptions.rb:30:in `call'
  railties (4.1.4) lib/rails/rack/logger.rb:38:in `call_app'
  railties (4.1.4) lib/rails/rack/logger.rb:20:in `block in call'
  activesupport (4.1.4) lib/active_support/tagged_logging.rb:68:in `block in tagged'
  activesupport (4.1.4) lib/active_support/tagged_logging.rb:26:in `tagged'
  activesupport (4.1.4) lib/active_support/tagged_logging.rb:68:in `tagged'
  railties (4.1.4) lib/rails/rack/logger.rb:20:in `call'
  actionpack (4.1.4) lib/action_dispatch/middleware/request_id.rb:21:in `call'
  rack (1.5.5) lib/rack/methodoverride.rb:21:in `call'
  rack (1.5.5) lib/rack/runtime.rb:17:in `call'
  activesupport (4.1.4) lib/active_support/cache/strategy/local_cache_middleware.rb:26:in `call'
  rack (1.5.5) lib/rack/lock.rb:17:in `call'
  actionpack (4.1.4) lib/action_dispatch/middleware/static.rb:64:in `call'
  rack (1.5.5) lib/rack/sendfile.rb:112:in `call'
  railties (4.1.4) lib/rails/engine.rb:514:in `call'
  railties (4.1.4) lib/rails/application.rb:144:in `call'
  rack (1.5.5) lib/rack/lock.rb:17:in `call'
  rack (1.5.5) lib/rack/content_length.rb:14:in `call'
  rack (1.5.5) lib/rack/handler/webrick.rb:60:in `service'
  /usr/lib/ruby/2.3.0/webrick/httpserver.rb:140:in `service'
  /usr/lib/ruby/2.3.0/webrick/httpserver.rb:96:in `run'
  /usr/lib/ruby/2.3.0/webrick/server.rb:296:in `block in start_thread'



Started POST "/__better_errors/75f53f88cbbc8c8a/variables" for 127.0.0.1 at 2017-07-05 10:55:31 -0700


Started GET "/" for 127.0.0.1 at 2017-07-05 10:55:48 -0700

ActiveRecord::PendingMigrationError - 

Migrations are pending. To resolve this issue, run:

	bin/rake db:migrate RAILS_ENV=development

:
  activerecord (4.1.4) lib/active_record/migration.rb:389:in `check_pending!'
  activerecord (4.1.4) lib/active_record/migration.rb:377:in `call'
  actionpack (4.1.4) lib/action_dispatch/middleware/callbacks.rb:29:in `block in call'
  activesupport (4.1.4) lib/active_support/callbacks.rb:82:in `run_callbacks'
  actionpack (4.1.4) lib/action_dispatch/middleware/callbacks.rb:27:in `call'
  actionpack (4.1.4) lib/action_dispatch/middleware/reloader.rb:73:in `call'
  actionpack (4.1.4) lib/action_dispatch/middleware/remote_ip.rb:76:in `call'
  better_errors (2.1.1) lib/better_errors/middleware.rb:84:in `protected_app_call'
  better_errors (2.1.1) lib/better_errors/middleware.rb:79:in `better_errors_call'
  better_errors (2.1.1) lib/better_errors/middleware.rb:57:in `call'
  actionpack (4.1.4) lib/action_dispatch/middleware/debug_exceptions.rb:17:in `call'
  actionpack (4.1.4) lib/action_dispatch/middleware/show_exceptions.rb:30:in `call'
  railties (4.1.4) lib/rails/rack/logger.rb:38:in `call_app'
  railties (4.1.4) lib/rails/rack/logger.rb:20:in `block in call'
  activesupport (4.1.4) lib/active_support/tagged_logging.rb:68:in `block in tagged'
  activesupport (4.1.4) lib/active_support/tagged_logging.rb:26:in `tagged'
  activesupport (4.1.4) lib/active_support/tagged_logging.rb:68:in `tagged'
  railties (4.1.4) lib/rails/rack/logger.rb:20:in `call'
  actionpack (4.1.4) lib/action_dispatch/middleware/request_id.rb:21:in `call'
  rack (1.5.5) lib/rack/methodoverride.rb:21:in `call'
  rack (1.5.5) lib/rack/runtime.rb:17:in `call'
  activesupport (4.1.4) lib/active_support/cache/strategy/local_cache_middleware.rb:26:in `call'
  rack (1.5.5) lib/rack/lock.rb:17:in `call'
  actionpack (4.1.4) lib/action_dispatch/middleware/static.rb:64:in `call'
  rack (1.5.5) lib/rack/sendfile.rb:112:in `call'
  railties (4.1.4) lib/rails/engine.rb:514:in `call'
  railties (4.1.4) lib/rails/application.rb:144:in `call'
  rack (1.5.5) lib/rack/lock.rb:17:in `call'
  rack (1.5.5) lib/rack/content_length.rb:14:in `call'
  rack (1.5.5) lib/rack/handler/webrick.rb:60:in `service'
  /usr/lib/ruby/2.3.0/webrick/httpserver.rb:140:in `service'
  /usr/lib/ruby/2.3.0/webrick/httpserver.rb:96:in `run'
  /usr/lib/ruby/2.3.0/webrick/server.rb:296:in `block in start_thread'



Started POST "/__better_errors/bf6c5679ca83c62a/variables" for 127.0.0.1 at 2017-07-05 10:55:49 -0700
  [1m[36m (6.1ms)[0m  [1mCREATE TABLE "schema_migrations" ("version" character varying(255) NOT NULL) [0m
  [1m[35m (6.8ms)[0m  CREATE UNIQUE INDEX  "unique_schema_migrations" ON "schema_migrations"  ("version")
  [1m[36mActiveRecord::SchemaMigration Load (0.7ms)[0m  [1mSELECT "schema_migrations".* FROM "schema_migrations"[0m
Migrating to CreateUsers (20140427221221)
  [1m[35m (0.2ms)[0m  BEGIN
  [1m[36m (16.4ms)[0m  [1mCREATE TABLE "users" ("id" serial primary key, "username" character varying(255) NOT NULL, "password_digest" character varying(255) NOT NULL, "session_token" character varying(255) NOT NULL, "created_at" timestamp, "updated_at" timestamp) [0m
  [1m[35m (4.2ms)[0m  CREATE UNIQUE INDEX  "index_users_on_username" ON "users"  ("username")
  [1m[36mSQL (0.2ms)[0m  [1mINSERT INTO "schema_migrations" ("version") VALUES ($1)[0m  [["version", "20140427221221"]]
  [1m[35m (1.5ms)[0m  COMMIT
Migrating to CreateTweets (20140829020915)
  [1m[36m (0.1ms)[0m  [1mBEGIN[0m
  [1m[35m (11.1ms)[0m  CREATE TABLE "tweets" ("id" serial primary key, "content" text NOT NULL, "user_id" integer NOT NULL, "created_at" timestamp, "updated_at" timestamp) 
  [1m[36m (5.5ms)[0m  [1mCREATE  INDEX  "index_tweets_on_user_id" ON "tweets"  ("user_id")[0m
  [1m[35mSQL (0.5ms)[0m  INSERT INTO "schema_migrations" ("version") VALUES ($1)  [["version", "20140829020915"]]
  [1m[36m (1.8ms)[0m  [1mCOMMIT[0m
Migrating to CreateFollows (20140829021533)
  [1m[35m (0.5ms)[0m  BEGIN
  [1m[36m (6.5ms)[0m  [1mCREATE TABLE "follows" ("id" serial primary key, "followee_id" integer NOT NULL, "follower_id" integer NOT NULL, "created_at" timestamp, "updated_at" timestamp) [0m
  [1m[35m (4.0ms)[0m  CREATE  INDEX  "index_follows_on_followee_id" ON "follows"  ("followee_id")
  [1m[36m (5.6ms)[0m  [1mCREATE  INDEX  "index_follows_on_follower_id" ON "follows"  ("follower_id")[0m
  [1m[35m (5.8ms)[0m  CREATE UNIQUE INDEX  "index_follows_on_followee_id_and_follower_id" ON "follows"  ("followee_id", "follower_id")
  [1m[36mSQL (0.5ms)[0m  [1mINSERT INTO "schema_migrations" ("version") VALUES ($1)[0m  [["version", "20140829021533"]]
  [1m[35m (2.7ms)[0m  COMMIT
Migrating to CreateMentions (20140829022442)
  [1m[36m (0.5ms)[0m  [1mBEGIN[0m
  [1m[35m (7.1ms)[0m  CREATE TABLE "mentions" ("id" serial primary key, "tweet_id" integer NOT NULL, "user_id" integer NOT NULL, "created_at" timestamp, "updated_at" timestamp) 
  [1m[36m (4.2ms)[0m  [1mCREATE  INDEX  "index_mentions_on_tweet_id" ON "mentions"  ("tweet_id")[0m
  [1m[35m (4.4ms)[0m  CREATE  INDEX  "index_mentions_on_user_id" ON "mentions"  ("user_id")
  [1m[36m (5.9ms)[0m  [1mCREATE UNIQUE INDEX  "index_mentions_on_tweet_id_and_user_id" ON "mentions"  ("tweet_id", "user_id")[0m
  [1m[35mSQL (0.5ms)[0m  INSERT INTO "schema_migrations" ("version") VALUES ($1)  [["version", "20140829022442"]]
  [1m[36m (2.7ms)[0m  [1mCOMMIT[0m
  [1m[35mActiveRecord::SchemaMigration Load (0.5ms)[0m  SELECT "schema_migrations".* FROM "schema_migrations"


Started GET "/" for 127.0.0.1 at 2017-07-05 10:56:17 -0700
  [1m[36mActiveRecord::SchemaMigration Load (0.5ms)[0m  [1mSELECT "schema_migrations".* FROM "schema_migrations"[0m


Started GET "/feed" for 127.0.0.1 at 2017-07-05 10:56:17 -0700
Processing by FeedsController#show as HTML
Redirected to http://localhost:3000/session/new
Filter chain halted as :require_logged_in! rendered or redirected
Completed 302 Found in 10ms (ActiveRecord: 0.0ms)


Started GET "/session/new" for 127.0.0.1 at 2017-07-05 10:56:17 -0700
Processing by SessionsController#new as HTML
  Rendered sessions/new.html.erb within layouts/application (1.7ms)
Completed 200 OK in 379ms (Views: 378.7ms | ActiveRecord: 0.0ms)


Started GET "/assets/application.self.css?body=1" for 127.0.0.1 at 2017-07-05 10:56:17 -0700


Started GET "/assets/jquery_ujs.self.js?body=1" for 127.0.0.1 at 2017-07-05 10:56:17 -0700


Started GET "/assets/jquery.serializejson.self.js?body=1" for 127.0.0.1 at 2017-07-05 10:56:18 -0700


Started GET "/assets/bundle.self.js?body=1" for 127.0.0.1 at 2017-07-05 10:56:18 -0700


Started GET "/assets/application.self.js?body=1" for 127.0.0.1 at 2017-07-05 10:56:18 -0700


Started GET "/assets/jquery.self.js?body=1" for 127.0.0.1 at 2017-07-05 10:56:18 -0700


Started GET "/users/new" for 127.0.0.1 at 2017-07-05 11:10:47 -0700
Processing by UsersController#new as HTML
  Rendered users/new.html.erb within layouts/application (5.3ms)
Completed 200 OK in 83ms (Views: 71.8ms | ActiveRecord: 1.6ms)


Started GET "/assets/bundle.self.js?body=1" for 127.0.0.1 at 2017-07-05 11:10:47 -0700


Started GET "/assets/jquery.serializejson.self.js?body=1" for 127.0.0.1 at 2017-07-05 11:10:47 -0700


Started GET "/assets/application.self.js?body=1" for 127.0.0.1 at 2017-07-05 11:10:47 -0700


Started GET "/assets/jquery_ujs.self.js?body=1" for 127.0.0.1 at 2017-07-05 11:10:47 -0700


Started GET "/assets/jquery.self.js?body=1" for 127.0.0.1 at 2017-07-05 11:10:47 -0700


Started GET "/assets/application.self.css?body=1" for 127.0.0.1 at 2017-07-05 11:10:47 -0700


Started POST "/users" for 127.0.0.1 at 2017-07-05 11:10:52 -0700
Processing by UsersController#create as HTML
  Parameters: {"authenticity_token"=>"MaYU6u8tCRU6Zw+aAbchfBrZ9LTLUAk/1ufV9ZU8uII=", "user"=>{"username"=>"corgi", "password"=>"[FILTERED]"}}
  [1m[35m (0.1ms)[0m  BEGIN
  [1m[36mUser Exists (0.7ms)[0m  [1mSELECT  1 AS one FROM "users"  WHERE "users"."username" = 'corgi' LIMIT 1[0m
  [1m[35mSQL (3.8ms)[0m  INSERT INTO "users" ("created_at", "password_digest", "session_token", "updated_at", "username") VALUES ($1, $2, $3, $4, $5) RETURNING "id"  [["created_at", "2017-07-05 18:10:52.218970"], ["password_digest", "$2a$10$ZpS7mEGc3ZWBbqLnpHS.9.ym2YzR/s1bWT79o2wj5Kn.iIqQgt.2a"], ["session_token", "O0gcHOKOE4IVDpZpTdyqRQ"], ["updated_at", "2017-07-05 18:10:52.218970"], ["username", "corgi"]]
  [1m[36m (2.3ms)[0m  [1mCOMMIT[0m
  [1m[35m (0.1ms)[0m  BEGIN
  [1m[36mUser Exists (0.4ms)[0m  [1mSELECT  1 AS one FROM "users"  WHERE ("users"."username" = 'corgi' AND "users"."id" != 1) LIMIT 1[0m
  [1m[35mSQL (0.3ms)[0m  UPDATE "users" SET "session_token" = $1, "updated_at" = $2 WHERE "users"."id" = 1  [["session_token", "GFDdC9NPYolzP32TTyJTAg"], ["updated_at", "2017-07-05 18:10:52.230316"]]
  [1m[36m (2.4ms)[0m  [1mCOMMIT[0m
Redirected to http://localhost:3000/feed
Completed 302 Found in 112ms (ActiveRecord: 10.3ms)


Started GET "/feed" for 127.0.0.1 at 2017-07-05 11:10:52 -0700
Processing by FeedsController#show as HTML
  [1m[35mUser Load (0.5ms)[0m  SELECT  "users".* FROM "users"  WHERE "users"."session_token" = 'GFDdC9NPYolzP32TTyJTAg' LIMIT 1
  [1m[36mCACHE (0.0ms)[0m  [1mSELECT  "users".* FROM "users"  WHERE "users"."session_token" = 'GFDdC9NPYolzP32TTyJTAg' LIMIT 1[0m
  [1m[35mCACHE (0.0ms)[0m  SELECT  "users".* FROM "users"  WHERE "users"."session_token" = 'GFDdC9NPYolzP32TTyJTAg' LIMIT 1
  [1m[36mSQL (2.5ms)[0m  [1mSELECT DISTINCT "tweets"."id" AS t0_r0, "tweets"."content" AS t0_r1, "tweets"."user_id" AS t0_r2, "tweets"."created_at" AS t0_r3, "tweets"."updated_at" AS t0_r4, "users"."id" AS t1_r0, "users"."username" AS t1_r1, "users"."password_digest" AS t1_r2, "users"."session_token" AS t1_r3, "users"."created_at" AS t1_r4, "users"."updated_at" AS t1_r5 FROM "tweets" INNER JOIN "users" ON "users"."id" = "tweets"."user_id" LEFT OUTER JOIN follows ON users.id = follows.followee_id WHERE (tweets.user_id = 1 OR follows.follower_id = 1)  ORDER BY tweets.created_at DESC[0m
  [1m[35mUser Load (0.3ms)[0m  SELECT "users".* FROM "users"
  Rendered tweets/_form.html.erb (1.2ms)
  Rendered feeds/show.html.erb within layouts/application (13.6ms)
  [1m[36mCACHE (0.0ms)[0m  [1mSELECT  "users".* FROM "users"  WHERE "users"."session_token" = 'GFDdC9NPYolzP32TTyJTAg' LIMIT 1[0m
Completed 200 OK in 50ms (Views: 35.8ms | ActiveRecord: 5.1ms)


Started GET "/assets/application.self.css?body=1" for 127.0.0.1 at 2017-07-05 11:10:52 -0700


Started GET "/assets/jquery_ujs.self.js?body=1" for 127.0.0.1 at 2017-07-05 11:10:52 -0700


Started GET "/assets/jquery.self.js?body=1" for 127.0.0.1 at 2017-07-05 11:10:52 -0700


Started GET "/assets/jquery.serializejson.self.js?body=1" for 127.0.0.1 at 2017-07-05 11:10:52 -0700


Started GET "/assets/application.self.js?body=1" for 127.0.0.1 at 2017-07-05 11:10:52 -0700


Started GET "/assets/bundle.self.js?body=1" for 127.0.0.1 at 2017-07-05 11:10:52 -0700


Started DELETE "/session" for 127.0.0.1 at 2017-07-05 11:10:58 -0700
Processing by SessionsController#destroy as HTML
  Parameters: {"authenticity_token"=>"MaYU6u8tCRU6Zw+aAbchfBrZ9LTLUAk/1ufV9ZU8uII="}
  [1m[35mUser Load (0.6ms)[0m  SELECT  "users".* FROM "users"  WHERE "users"."session_token" = 'GFDdC9NPYolzP32TTyJTAg' LIMIT 1
Redirected to http://localhost:3000/session/new
Completed 302 Found in 3ms (ActiveRecord: 0.6ms)


Started GET "/session/new" for 127.0.0.1 at 2017-07-05 11:10:58 -0700
Processing by SessionsController#new as HTML
  Rendered sessions/new.html.erb within layouts/application (0.2ms)
Completed 200 OK in 18ms (Views: 18.0ms | ActiveRecord: 0.0ms)


Started GET "/assets/application.self.css?body=1" for 127.0.0.1 at 2017-07-05 11:10:58 -0700


Started GET "/assets/bundle.self.js?body=1" for 127.0.0.1 at 2017-07-05 11:10:58 -0700


Started GET "/assets/jquery.self.js?body=1" for 127.0.0.1 at 2017-07-05 11:10:58 -0700


Started GET "/assets/application.self.js?body=1" for 127.0.0.1 at 2017-07-05 11:10:58 -0700


Started GET "/assets/jquery_ujs.self.js?body=1" for 127.0.0.1 at 2017-07-05 11:10:58 -0700


Started GET "/assets/jquery.serializejson.self.js?body=1" for 127.0.0.1 at 2017-07-05 11:10:58 -0700


Started GET "/users/new" for 127.0.0.1 at 2017-07-05 11:11:01 -0700
Processing by UsersController#new as HTML
  Rendered users/new.html.erb within layouts/application (0.2ms)
Completed 200 OK in 22ms (Views: 21.3ms | ActiveRecord: 0.0ms)


Started GET "/assets/application.self.css?body=1" for 127.0.0.1 at 2017-07-05 11:11:01 -0700


Started GET "/assets/application.self.js?body=1" for 127.0.0.1 at 2017-07-05 11:11:01 -0700


Started GET "/assets/jquery.serializejson.self.js?body=1" for 127.0.0.1 at 2017-07-05 11:11:01 -0700


Started GET "/assets/jquery_ujs.self.js?body=1" for 127.0.0.1 at 2017-07-05 11:11:01 -0700


Started GET "/assets/bundle.self.js?body=1" for 127.0.0.1 at 2017-07-05 11:11:01 -0700


Started GET "/assets/jquery.self.js?body=1" for 127.0.0.1 at 2017-07-05 11:11:01 -0700


Started POST "/users" for 127.0.0.1 at 2017-07-05 11:11:06 -0700
Processing by UsersController#create as HTML
  Parameters: {"authenticity_token"=>"MaYU6u8tCRU6Zw+aAbchfBrZ9LTLUAk/1ufV9ZU8uII=", "user"=>{"username"=>"pug", "password"=>"[FILTERED]"}}
  [1m[36m (0.3ms)[0m  [1mBEGIN[0m
  [1m[35mUser Exists (0.3ms)[0m  SELECT  1 AS one FROM "users"  WHERE "users"."username" = 'pug' LIMIT 1
  [1m[36mSQL (0.2ms)[0m  [1mINSERT INTO "users" ("created_at", "password_digest", "session_token", "updated_at", "username") VALUES ($1, $2, $3, $4, $5) RETURNING "id"[0m  [["created_at", "2017-07-05 18:11:06.261626"], ["password_digest", "$2a$10$/VuolOOfUFm9biAJ5jxbXeqesNUkSIeoCzHAVrR8Yj3mTfnlDLmbi"], ["session_token", "M4h3l8Yl4W1HFHx0oH_1AQ"], ["updated_at", "2017-07-05 18:11:06.261626"], ["username", "pug"]]
  [1m[35m (5.1ms)[0m  COMMIT
  [1m[36m (0.1ms)[0m  [1mBEGIN[0m
  [1m[35mUser Exists (0.2ms)[0m  SELECT  1 AS one FROM "users"  WHERE ("users"."username" = 'pug' AND "users"."id" != 2) LIMIT 1
  [1m[36mSQL (0.2ms)[0m  [1mUPDATE "users" SET "session_token" = $1, "updated_at" = $2 WHERE "users"."id" = 2[0m  [["session_token", "Z8S9EjdMOQM4tFbGGKk8TQ"], ["updated_at", "2017-07-05 18:11:06.269111"]]
  [1m[35m (2.3ms)[0m  COMMIT
Redirected to http://localhost:3000/feed
Completed 302 Found in 101ms (ActiveRecord: 8.7ms)


Started GET "/feed" for 127.0.0.1 at 2017-07-05 11:11:06 -0700
Processing by FeedsController#show as HTML
  [1m[36mUser Load (0.4ms)[0m  [1mSELECT  "users".* FROM "users"  WHERE "users"."session_token" = 'Z8S9EjdMOQM4tFbGGKk8TQ' LIMIT 1[0m
  [1m[35mCACHE (0.0ms)[0m  SELECT  "users".* FROM "users"  WHERE "users"."session_token" = 'Z8S9EjdMOQM4tFbGGKk8TQ' LIMIT 1
  [1m[36mCACHE (0.0ms)[0m  [1mSELECT  "users".* FROM "users"  WHERE "users"."session_token" = 'Z8S9EjdMOQM4tFbGGKk8TQ' LIMIT 1[0m
  [1m[35mSQL (0.7ms)[0m  SELECT DISTINCT "tweets"."id" AS t0_r0, "tweets"."content" AS t0_r1, "tweets"."user_id" AS t0_r2, "tweets"."created_at" AS t0_r3, "tweets"."updated_at" AS t0_r4, "users"."id" AS t1_r0, "users"."username" AS t1_r1, "users"."password_digest" AS t1_r2, "users"."session_token" AS t1_r3, "users"."created_at" AS t1_r4, "users"."updated_at" AS t1_r5 FROM "tweets" INNER JOIN "users" ON "users"."id" = "tweets"."user_id" LEFT OUTER JOIN follows ON users.id = follows.followee_id WHERE (tweets.user_id = 2 OR follows.follower_id = 2)  ORDER BY tweets.created_at DESC
  [1m[36mUser Load (0.3ms)[0m  [1mSELECT "users".* FROM "users"[0m
  Rendered tweets/_form.html.erb (0.8ms)
  Rendered feeds/show.html.erb within layouts/application (3.3ms)
  [1m[35mCACHE (0.0ms)[0m  SELECT  "users".* FROM "users"  WHERE "users"."session_token" = 'Z8S9EjdMOQM4tFbGGKk8TQ' LIMIT 1
Completed 200 OK in 20ms (Views: 17.3ms | ActiveRecord: 1.5ms)


Started GET "/assets/application.self.css?body=1" for 127.0.0.1 at 2017-07-05 11:11:06 -0700


Started GET "/assets/jquery.serializejson.self.js?body=1" for 127.0.0.1 at 2017-07-05 11:11:06 -0700


Started GET "/assets/jquery.self.js?body=1" for 127.0.0.1 at 2017-07-05 11:11:06 -0700


Started GET "/assets/bundle.self.js?body=1" for 127.0.0.1 at 2017-07-05 11:11:06 -0700


Started GET "/assets/jquery_ujs.self.js?body=1" for 127.0.0.1 at 2017-07-05 11:11:06 -0700


Started GET "/assets/application.self.js?body=1" for 127.0.0.1 at 2017-07-05 11:11:06 -0700


Started GET "/users/search" for 127.0.0.1 at 2017-07-05 11:11:07 -0700
Processing by UsersController#search as HTML
  Rendered users/search.html.erb within layouts/application (1.0ms)
  [1m[36mUser Load (0.4ms)[0m  [1mSELECT  "users".* FROM "users"  WHERE "users"."session_token" = 'Z8S9EjdMOQM4tFbGGKk8TQ' LIMIT 1[0m
Completed 200 OK in 26ms (Views: 25.1ms | ActiveRecord: 0.4ms)


Started GET "/assets/application.self.css?body=1" for 127.0.0.1 at 2017-07-05 11:11:07 -0700


Started GET "/assets/jquery_ujs.self.js?body=1" for 127.0.0.1 at 2017-07-05 11:11:07 -0700


Started GET "/assets/jquery.serializejson.self.js?body=1" for 127.0.0.1 at 2017-07-05 11:11:07 -0700


Started GET "/assets/jquery.self.js?body=1" for 127.0.0.1 at 2017-07-05 11:11:07 -0700


Started GET "/assets/bundle.self.js?body=1" for 127.0.0.1 at 2017-07-05 11:11:07 -0700


Started GET "/assets/application.self.js?body=1" for 127.0.0.1 at 2017-07-05 11:11:07 -0700


Started GET "/users/search?query=corgi" for 127.0.0.1 at 2017-07-05 11:11:10 -0700
Processing by UsersController#search as HTML
  Parameters: {"query"=>"corgi"}
  [1m[35mUser Load (1.5ms)[0m  SELECT "users".* FROM "users"  WHERE (username ~ 'corgi')
  [1m[36mUser Load (0.3ms)[0m  [1mSELECT  "users".* FROM "users"  WHERE "users"."session_token" = 'Z8S9EjdMOQM4tFbGGKk8TQ' LIMIT 1[0m
  [1m[35m (0.3ms)[0m  SELECT "follows"."followee_id" FROM "follows"  WHERE "follows"."follower_id" = $1  [["follower_id", 2]]
  [1m[36mCACHE (0.0ms)[0m  [1mSELECT  "users".* FROM "users"  WHERE "users"."session_token" = 'Z8S9EjdMOQM4tFbGGKk8TQ' LIMIT 1[0m
  [1m[35mCACHE (0.0ms)[0m  SELECT "follows"."followee_id" FROM "follows"  WHERE "follows"."follower_id" = $1  [["follower_id", 2]]
  Rendered follows/_form.html.erb (18.7ms)
  Rendered users/search.html.erb within layouts/application (21.9ms)
  [1m[36mCACHE (0.0ms)[0m  [1mSELECT  "users".* FROM "users"  WHERE "users"."session_token" = 'Z8S9EjdMOQM4tFbGGKk8TQ' LIMIT 1[0m
Completed 200 OK in 48ms (Views: 43.9ms | ActiveRecord: 4.1ms)


Started GET "/assets/jquery.self.js?body=1" for 127.0.0.1 at 2017-07-05 11:11:10 -0700


Started GET "/assets/jquery_ujs.self.js?body=1" for 127.0.0.1 at 2017-07-05 11:11:10 -0700


Started GET "/assets/application.self.js?body=1" for 127.0.0.1 at 2017-07-05 11:11:10 -0700


Started GET "/assets/jquery.serializejson.self.js?body=1" for 127.0.0.1 at 2017-07-05 11:11:10 -0700


Started GET "/assets/application.self.css?body=1" for 127.0.0.1 at 2017-07-05 11:11:10 -0700


Started GET "/assets/bundle.self.js?body=1" for 127.0.0.1 at 2017-07-05 11:11:10 -0700


Started GET "/users/search?query=corgi" for 127.0.0.1 at 2017-07-05 11:11:33 -0700
Processing by UsersController#search as HTML
  Parameters: {"query"=>"corgi"}
  [1m[35mUser Load (0.6ms)[0m  SELECT "users".* FROM "users"  WHERE (username ~ 'corgi')
  [1m[36mUser Load (0.5ms)[0m  [1mSELECT  "users".* FROM "users"  WHERE "users"."session_token" = 'Z8S9EjdMOQM4tFbGGKk8TQ' LIMIT 1[0m
  [1m[35m (0.9ms)[0m  SELECT "follows"."followee_id" FROM "follows"  WHERE "follows"."follower_id" = $1  [["follower_id", 2]]
  [1m[36mCACHE (0.0ms)[0m  [1mSELECT  "users".* FROM "users"  WHERE "users"."session_token" = 'Z8S9EjdMOQM4tFbGGKk8TQ' LIMIT 1[0m
  [1m[35mCACHE (0.0ms)[0m  SELECT "follows"."followee_id" FROM "follows"  WHERE "follows"."follower_id" = $1  [["follower_id", 2]]
  Rendered follows/_form.html.erb (8.6ms)
  Rendered users/search.html.erb within layouts/application (10.9ms)
  [1m[36mCACHE (0.0ms)[0m  [1mSELECT  "users".* FROM "users"  WHERE "users"."session_token" = 'Z8S9EjdMOQM4tFbGGKk8TQ' LIMIT 1[0m
Completed 200 OK in 38ms (Views: 35.0ms | ActiveRecord: 2.1ms)


Started GET "/assets/application.self.css?body=1" for 127.0.0.1 at 2017-07-05 11:11:33 -0700


Started GET "/assets/jquery_ujs.self.js?body=1" for 127.0.0.1 at 2017-07-05 11:11:33 -0700


Started GET "/assets/application.self.js?body=1" for 127.0.0.1 at 2017-07-05 11:11:33 -0700


Started GET "/assets/bundle.self.js?body=1" for 127.0.0.1 at 2017-07-05 11:11:33 -0700


Started GET "/assets/jquery.serializejson.self.js?body=1" for 127.0.0.1 at 2017-07-05 11:11:33 -0700


Started GET "/assets/jquery.self.js?body=1" for 127.0.0.1 at 2017-07-05 11:11:33 -0700


Started GET "/users/search?query=corgi" for 127.0.0.1 at 2017-07-05 11:11:39 -0700
Processing by UsersController#search as HTML
  Parameters: {"query"=>"corgi"}
  [1m[35mUser Load (0.4ms)[0m  SELECT "users".* FROM "users"  WHERE (username ~ 'corgi')
  [1m[36mUser Load (0.3ms)[0m  [1mSELECT  "users".* FROM "users"  WHERE "users"."session_token" = 'Z8S9EjdMOQM4tFbGGKk8TQ' LIMIT 1[0m
  [1m[35m (1.3ms)[0m  SELECT "follows"."followee_id" FROM "follows"  WHERE "follows"."follower_id" = $1  [["follower_id", 2]]
  [1m[36mCACHE (0.0ms)[0m  [1mSELECT  "users".* FROM "users"  WHERE "users"."session_token" = 'Z8S9EjdMOQM4tFbGGKk8TQ' LIMIT 1[0m
  [1m[35mCACHE (0.0ms)[0m  SELECT "follows"."followee_id" FROM "follows"  WHERE "follows"."follower_id" = $1  [["follower_id", 2]]
  Rendered follows/_form.html.erb (6.2ms)
  Rendered users/search.html.erb within layouts/application (8.0ms)
  [1m[36mCACHE (0.0ms)[0m  [1mSELECT  "users".* FROM "users"  WHERE "users"."session_token" = 'Z8S9EjdMOQM4tFbGGKk8TQ' LIMIT 1[0m
Completed 200 OK in 32ms (Views: 29.5ms | ActiveRecord: 2.0ms)


Started GET "/assets/application.self.css?body=1" for 127.0.0.1 at 2017-07-05 11:11:39 -0700


Started GET "/assets/jquery.serializejson.self.js?body=1" for 127.0.0.1 at 2017-07-05 11:11:39 -0700


Started GET "/assets/jquery_ujs.self.js?body=1" for 127.0.0.1 at 2017-07-05 11:11:39 -0700


Started GET "/assets/jquery.self.js?body=1" for 127.0.0.1 at 2017-07-05 11:11:39 -0700


Started GET "/assets/bundle.self.js?body=1" for 127.0.0.1 at 2017-07-05 11:11:39 -0700


Started GET "/assets/application.self.js?body=1" for 127.0.0.1 at 2017-07-05 11:11:39 -0700
